<testsuite failures="0" name="examples/users/features/UserGet2CallingFeatureFile.feature" skipped="0" tests="1" time="2.773014">
  <testcase classname="examples.users.features.UserGet2CallingFeatureFile" name="request user 2 details" time="2.773014">
    <system-out>* def expectedResponse = read ('../jsonFiles/response.json') .............. passed
* def feature = read('UserGet1.feature') .................................. passed
* def result = call feature ............................................... passed
* url 'https://reqres.in/api/users/2' ..................................... passed
* method GET .............................................................. passed
* status 200 .............................................................. passed
* match response == expectedResponse ...................................... passed
* print 'result ...... : ' , result ....................................... passed
* def first_name = result.response.data.first_name ........................ passed
* print 'firstname value : .... ' ,  first_name ........................... passed</system-out>
  </testcase>
</testsuite>
